# JRE version: Java(TM) SE Runtime Environment (8.0_121-b13) (build 1.8.0_121-b13)
# Java VM: Java HotSpot(TM) Client VM (25.121-b13 mixed mode windows-x86 )
Heap:
 def new generation   total 4928K, used 2077K [0x06400000, 0x06950000, 0x0b950000)
  eden space 4416K,  42% used [0x06400000, 0x065d9830, 0x06850000)
  from space 512K,  35% used [0x06850000, 0x0687dcc0, 0x068d0000)
  to   space 512K,   0% used [0x068d0000, 0x068d0000, 0x06950000)
 tenured generation   total 10944K, used 2135K [0x0b950000, 0x0c400000, 0x16400000)
   the space 10944K,  19% used [0x0b950000, 0x0bb65cc0, 0x0bb65e00, 0x0c400000)
 Metaspace       used 5047K, capacity 5227K, committed 5248K, reserved 5504K
GC Heap History (10 events):
Event: 2.346 GC heap before
{Heap before GC invocations=1 (full 0):
 def new generation   total 4928K, used 4928K [0x06400000, 0x06950000, 0x0b950000)
  eden space 4416K, 100% used [0x06400000, 0x06850000, 0x06850000)
  from space 512K, 100% used [0x068d0000, 0x06950000, 0x06950000)
  to   space 512K,   0% used [0x06850000, 0x06850000, 0x068d0000)
 tenured generation   total 10944K, used 627K [0x0b950000, 0x0c400000, 0x16400000)
   the space 10944K,   5% used [0x0b950000, 0x0b9ecf28, 0x0b9ed000, 0x0c400000)
 Metaspace       used 4948K, capacity 5123K, committed 5248K, reserved 5504K
Event: 2.356 GC heap after
Heap after GC invocations=2 (full 0):
 def new generation   total 4928K, used 512K [0x06400000, 0x06950000, 0x0b950000)
  eden space 4416K,   0% used [0x06400000, 0x06400000, 0x06850000)
  from space 512K, 100% used [0x06850000, 0x068d0000, 0x068d0000)
  to   space 512K,   0% used [0x068d0000, 0x068d0000, 0x06950000)
 tenured generation   total 10944K, used 1756K [0x0b950000, 0x0c400000, 0x16400000)
   the space 10944K,  16% used [0x0b950000, 0x0bb072a0, 0x0bb07400, 0x0c400000)
 Metaspace       used 4948K, capacity 5123K, committed 5248K, reserved 5504K
}
Event: 67.465 GC heap before
{Heap before GC invocations=2 (full 0):
 def new generation   total 4928K, used 4928K [0x06400000, 0x06950000, 0x0b950000)
  eden space 4416K, 100% used [0x06400000, 0x06850000, 0x06850000)
  from space 512K, 100% used [0x06850000, 0x068d0000, 0x068d0000)
  to   space 512K,   0% used [0x068d0000, 0x068d0000, 0x06950000)
 tenured generation   total 10944K, used 1756K [0x0b950000, 0x0c400000, 0x16400000)
   the space 10944K,  16% used [0x0b950000, 0x0bb072a0, 0x0bb07400, 0x0c400000)
 Metaspace       used 5039K, capacity 5222K, committed 5248K, reserved 5504K
Event: 67.468 GC heap after
Heap after GC invocations=3 (full 0):
 def new generation   total 4928K, used 152K [0x06400000, 0x06950000, 0x0b950000)
  eden space 4416K,   0% used [0x06400000, 0x06400000, 0x06850000)
  from space 512K,  29% used [0x068d0000, 0x068f6118, 0x06950000)
  to   space 512K,   0% used [0x06850000, 0x06850000, 0x068d0000)
 tenured generation   total 10944K, used 2135K [0x0b950000, 0x0c400000, 0x16400000)
   the space 10944K,  19% used [0x0b950000, 0x0bb65cc0, 0x0bb65e00, 0x0c400000)
 Metaspace       used 5039K, capacity 5222K, committed 5248K, reserved 5504K
}
Event: 223.620 GC heap before
{Heap before GC invocations=3 (full 0):
 def new generation   total 4928K, used 4568K [0x06400000, 0x06950000, 0x0b950000)
  eden space 4416K, 100% used [0x06400000, 0x06850000, 0x06850000)
  from space 512K,  29% used [0x068d0000, 0x068f6118, 0x06950000)
  to   space 512K,   0% used [0x06850000, 0x06850000, 0x068d0000)
 tenured generation   total 10944K, used 2135K [0x0b950000, 0x0c400000, 0x16400000)
   the space 10944K,  19% used [0x0b950000, 0x0bb65cc0, 0x0bb65e00, 0x0c400000)
 Metaspace       used 5039K, capacity 5222K, committed 5248K, reserved 5504K
Event: 223.622 GC heap after
Heap after GC invocations=4 (full 0):
 def new generation   total 4928K, used 100K [0x06400000, 0x06950000, 0x0b950000)
  eden space 4416K,   0% used [0x06400000, 0x06400000, 0x06850000)
  from space 512K,  19% used [0x06850000, 0x06869058, 0x068d0000)
  to   space 512K,   0% used [0x068d0000, 0x068d0000, 0x06950000)
 tenured generation   total 10944K, used 2135K [0x0b950000, 0x0c400000, 0x16400000)
   the space 10944K,  19% used [0x0b950000, 0x0bb65cc0, 0x0bb65e00, 0x0c400000)
 Metaspace       used 5039K, capacity 5222K, committed 5248K, reserved 5504K
}
Event: 239.266 GC heap before
{Heap before GC invocations=4 (full 0):
 def new generation   total 4928K, used 4516K [0x06400000, 0x06950000, 0x0b950000)
  eden space 4416K, 100% used [0x06400000, 0x06850000, 0x06850000)
  from space 512K,  19% used [0x06850000, 0x06869058, 0x068d0000)
  to   space 512K,   0% used [0x068d0000, 0x068d0000, 0x06950000)
 tenured generation   total 10944K, used 2135K [0x0b950000, 0x0c400000, 0x16400000)
   the space 10944K,  19% used [0x0b950000, 0x0bb65cc0, 0x0bb65e00, 0x0c400000)
 Metaspace       used 5041K, capacity 5225K, committed 5248K, reserved 5504K
Event: 239.268 GC heap after
Heap after GC invocations=5 (full 0):
 def new generation   total 4928K, used 153K [0x06400000, 0x06950000, 0x0b950000)
  eden space 4416K,   0% used [0x06400000, 0x06400000, 0x06850000)
  from space 512K,  29% used [0x068d0000, 0x068f6420, 0x06950000)
  to   space 512K,   0% used [0x06850000, 0x06850000, 0x068d0000)
 tenured generation   total 10944K, used 2135K [0x0b950000, 0x0c400000, 0x16400000)
   the space 10944K,  19% used [0x0b950000, 0x0bb65cc0, 0x0bb65e00, 0x0c400000)
 Metaspace       used 5041K, capacity 5225K, committed 5248K, reserved 5504K
}
Event: 313.472 GC heap before
{Heap before GC invocations=5 (full 0):
 def new generation   total 4928K, used 4569K [0x06400000, 0x06950000, 0x0b950000)
  eden space 4416K, 100% used [0x06400000, 0x06850000, 0x06850000)
  from space 512K,  29% used [0x068d0000, 0x068f6420, 0x06950000)
  to   space 512K,   0% used [0x06850000, 0x06850000, 0x068d0000)
 tenured generation   total 10944K, used 2135K [0x0b950000, 0x0c400000, 0x16400000)
   the space 10944K,  19% used [0x0b950000, 0x0bb65cc0, 0x0bb65e00, 0x0c400000)
 Metaspace       used 5041K, capacity 5225K, committed 5248K, reserved 5504K
Event: 313.474 GC heap after
Heap after GC invocations=6 (full 0):
 def new generation   total 4928K, used 183K [0x06400000, 0x06950000, 0x0b950000)
  eden space 4416K,   0% used [0x06400000, 0x06400000, 0x06850000)
  from space 512K,  35% used [0x06850000, 0x0687dcc0, 0x068d0000)
  to   space 512K,   0% used [0x068d0000, 0x068d0000, 0x06950000)
 tenured generation   total 10944K, used 2135K [0x0b950000, 0x0c400000, 0x16400000)
   the space 10944K,  19% used [0x0b950000, 0x0bb65cc0, 0x0bb65e00, 0x0c400000)
 Metaspace       used 5041K, capacity 5225K, committed 5248K, reserved 5504K
}

