# JRE version: Java(TM) SE Runtime Environment (8.0_121-b13) (build 1.8.0_121-b13)
# Java VM: Java HotSpot(TM) Client VM (25.121-b13 mixed mode windows-x86 )
Heap:
 def new generation   total 4928K, used 2794K [0x06a00000, 0x06f50000, 0x0bf50000)
  eden space 4416K,  51% used [0x06a00000, 0x06c3aa78, 0x06e50000)
  from space 512K, 100% used [0x06e50000, 0x06ed0000, 0x06ed0000)
  to   space 512K,   0% used [0x06ed0000, 0x06ed0000, 0x06f50000)
 tenured generation   total 10944K, used 1756K [0x0bf50000, 0x0ca00000, 0x16a00000)
   the space 10944K,  16% used [0x0bf50000, 0x0c107180, 0x0c107200, 0x0ca00000)
 Metaspace       used 5043K, capacity 5193K, committed 5248K, reserved 5504K
GC Heap History (4 events):
Event: 0.644 GC heap before
{Heap before GC invocations=0 (full 0):
 def new generation   total 4928K, used 4416K [0x06a00000, 0x06f50000, 0x0bf50000)
  eden space 4416K, 100% used [0x06a00000, 0x06e50000, 0x06e50000)
  from space 512K,   0% used [0x06e50000, 0x06e50000, 0x06ed0000)
  to   space 512K,   0% used [0x06ed0000, 0x06ed0000, 0x06f50000)
 tenured generation   total 10944K, used 0K [0x0bf50000, 0x0ca00000, 0x16a00000)
   the space 10944K,   0% used [0x0bf50000, 0x0bf50000, 0x0bf50200, 0x0ca00000)
 Metaspace       used 3351K, capacity 3505K, committed 3520K, reserved 4480K
Event: 0.649 GC heap after
Heap after GC invocations=1 (full 0):
 def new generation   total 4928K, used 512K [0x06a00000, 0x06f50000, 0x0bf50000)
  eden space 4416K,   0% used [0x06a00000, 0x06a00000, 0x06e50000)
  from space 512K, 100% used [0x06ed0000, 0x06f50000, 0x06f50000)
  to   space 512K,   0% used [0x06e50000, 0x06e50000, 0x06ed0000)
 tenured generation   total 10944K, used 628K [0x0bf50000, 0x0ca00000, 0x16a00000)
   the space 10944K,   5% used [0x0bf50000, 0x0bfed0d8, 0x0bfed200, 0x0ca00000)
 Metaspace       used 3351K, capacity 3505K, committed 3520K, reserved 4480K
}
Event: 1.515 GC heap before
{Heap before GC invocations=1 (full 0):
 def new generation   total 4928K, used 4928K [0x06a00000, 0x06f50000, 0x0bf50000)
  eden space 4416K, 100% used [0x06a00000, 0x06e50000, 0x06e50000)
  from space 512K, 100% used [0x06ed0000, 0x06f50000, 0x06f50000)
  to   space 512K,   0% used [0x06e50000, 0x06e50000, 0x06ed0000)
 tenured generation   total 10944K, used 628K [0x0bf50000, 0x0ca00000, 0x16a00000)
   the space 10944K,   5% used [0x0bf50000, 0x0bfed0d8, 0x0bfed200, 0x0ca00000)
 Metaspace       used 4948K, capacity 5123K, committed 5248K, reserved 5504K
Event: 1.527 GC heap after
Heap after GC invocations=2 (full 0):
 def new generation   total 4928K, used 512K [0x06a00000, 0x06f50000, 0x0bf50000)
  eden space 4416K,   0% used [0x06a00000, 0x06a00000, 0x06e50000)
  from space 512K, 100% used [0x06e50000, 0x06ed0000, 0x06ed0000)
  to   space 512K,   0% used [0x06ed0000, 0x06ed0000, 0x06f50000)
 tenured generation   total 10944K, used 1756K [0x0bf50000, 0x0ca00000, 0x16a00000)
   the space 10944K,  16% used [0x0bf50000, 0x0c107180, 0x0c107200, 0x0ca00000)
 Metaspace       used 4948K, capacity 5123K, committed 5248K, reserved 5504K
}

